0 verbose cli /usr/bin/node /usr/bin/npm
1 info using npm@10.8.2
2 info using node@v20.20.0
3 silly config load:file:/usr/lib/node_modules/npm/npmrc
4 silly config load:file:/var/www/.npmrc
5 silly config load:file:/usr/etc/npmrc
6 verbose title npm install
7 verbose argv "install"
8 verbose logfile logs-max:10 dir:/var/www/.npm/_logs/2026-02-11T00_14_38_465Z-
9 verbose logfile /var/www/.npm/_logs/2026-02-11T00_14_38_465Z-debug-0.log
10 silly packumentCache heap:2197815296 maxSize:549453824 maxEntrySize:274726912
11 silly logfile done cleaning log files
12 silly idealTree buildDeps
13 verbose shrinkwrap failed to load node_modules/.package-lock.json out of date, updated: node_modules
14 silly reify moves {}
15 silly audit bulk request {
15 silly audit   '@alloc/quick-lru': [ '5.2.0' ],
15 silly audit   '@esbuild/aix-ppc64': [ '0.25.12' ],
15 silly audit   '@esbuild/android-arm': [ '0.25.12' ],
15 silly audit   '@esbuild/android-arm64': [ '0.25.12' ],
15 silly audit   '@esbuild/android-x64': [ '0.25.12' ],
15 silly audit   '@esbuild/darwin-arm64': [ '0.25.12' ],
15 silly audit   '@esbuild/darwin-x64': [ '0.25.12' ],
15 silly audit   '@esbuild/freebsd-arm64': [ '0.25.12' ],
15 silly audit   '@esbuild/freebsd-x64': [ '0.25.12' ],
15 silly audit   '@esbuild/linux-arm': [ '0.25.12' ],
15 silly audit   '@esbuild/linux-arm64': [ '0.25.12' ],
15 silly audit   '@esbuild/linux-ia32': [ '0.25.12' ],
15 silly audit   '@esbuild/linux-loong64': [ '0.25.12' ],
15 silly audit   '@esbuild/linux-mips64el': [ '0.25.12' ],
15 silly audit   '@esbuild/linux-ppc64': [ '0.25.12' ],
15 silly audit   '@esbuild/linux-riscv64': [ '0.25.12' ],
15 silly audit   '@esbuild/linux-s390x': [ '0.25.12' ],
15 silly audit   '@esbuild/linux-x64': [ '0.25.12' ],
15 silly audit   '@esbuild/netbsd-arm64': [ '0.25.12' ],
15 silly audit   '@esbuild/netbsd-x64': [ '0.25.12' ],
15 silly audit   '@esbuild/openbsd-arm64': [ '0.25.12' ],
15 silly audit   '@esbuild/openbsd-x64': [ '0.25.12' ],
15 silly audit   '@esbuild/openharmony-arm64': [ '0.25.12' ],
15 silly audit   '@esbuild/sunos-x64': [ '0.25.12' ],
15 silly audit   '@esbuild/win32-arm64': [ '0.25.12' ],
15 silly audit   '@esbuild/win32-ia32': [ '0.25.12' ],
15 silly audit   '@esbuild/win32-x64': [ '0.25.12' ],
15 silly audit   '@jridgewell/gen-mapping': [ '0.3.13' ],
15 silly audit   '@jridgewell/resolve-uri': [ '3.1.2' ],
15 silly audit   '@jridgewell/sourcemap-codec': [ '1.5.5' ],
15 silly audit   '@jridgewell/trace-mapping': [ '0.3.31' ],
15 silly audit   '@nodelib/fs.scandir': [ '2.1.5' ],
15 silly audit   '@nodelib/fs.stat': [ '2.0.5' ],
15 silly audit   '@nodelib/fs.walk': [ '1.2.8' ],
15 silly audit   '@rollup/rollup-android-arm-eabi': [ '4.57.1' ],
15 silly audit   '@rollup/rollup-android-arm64': [ '4.57.1' ],
15 silly audit   '@rollup/rollup-darwin-arm64': [ '4.57.1' ],
15 silly audit   '@rollup/rollup-darwin-x64': [ '4.57.1' ],
15 silly audit   '@rollup/rollup-freebsd-arm64': [ '4.57.1' ],
15 silly audit   '@rollup/rollup-freebsd-x64': [ '4.57.1' ],
15 silly audit   '@rollup/rollup-linux-arm-gnueabihf': [ '4.57.1' ],
15 silly audit   '@rollup/rollup-linux-arm-musleabihf': [ '4.57.1' ],
15 silly audit   '@rollup/rollup-linux-arm64-gnu': [ '4.57.1' ],
15 silly audit   '@rollup/rollup-linux-arm64-musl': [ '4.57.1' ],
15 silly audit   '@rollup/rollup-linux-loong64-gnu': [ '4.57.1' ],
15 silly audit   '@rollup/rollup-linux-loong64-musl': [ '4.57.1' ],
15 silly audit   '@rollup/rollup-linux-ppc64-gnu': [ '4.57.1' ],
15 silly audit   '@rollup/rollup-linux-ppc64-musl': [ '4.57.1' ],
15 silly audit   '@rollup/rollup-linux-riscv64-gnu': [ '4.57.1' ],
15 silly audit   '@rollup/rollup-linux-riscv64-musl': [ '4.57.1' ],
15 silly audit   '@rollup/rollup-linux-s390x-gnu': [ '4.57.1' ],
15 silly audit   '@rollup/rollup-linux-x64-gnu': [ '4.57.1' ],
15 silly audit   '@rollup/rollup-linux-x64-musl': [ '4.57.1' ],
15 silly audit   '@rollup/rollup-openbsd-x64': [ '4.57.1' ],
15 silly audit   '@rollup/rollup-openharmony-arm64': [ '4.57.1' ],
15 silly audit   '@rollup/rollup-win32-arm64-msvc': [ '4.57.1' ],
15 silly audit   '@rollup/rollup-win32-ia32-msvc': [ '4.57.1' ],
15 silly audit   '@rollup/rollup-win32-x64-gnu': [ '4.57.1' ],
15 silly audit   '@rollup/rollup-win32-x64-msvc': [ '4.57.1' ],
15 silly audit   '@tailwindcss/forms': [ '0.5.11' ],
15 silly audit   '@types/estree': [ '1.0.8' ],
15 silly audit   '@vue/reactivity': [ '3.1.5' ],
15 silly audit   '@vue/shared': [ '3.1.5' ],
15 silly audit   alpinejs: [ '3.15.8' ],
15 silly audit   'ansi-regex': [ '5.0.1' ],
15 silly audit   'ansi-styles': [ '4.3.0' ],
15 silly audit   'any-promise': [ '1.3.0' ],
15 silly audit   anymatch: [ '3.1.3' ],
15 silly audit   arg: [ '5.0.2' ],
15 silly audit   asynckit: [ '0.4.0' ],
15 silly audit   autoprefixer: [ '10.4.24' ],
15 silly audit   axios: [ '1.13.5' ],
15 silly audit   'baseline-browser-mapping': [ '2.9.19' ],
15 silly audit   'binary-extensions': [ '2.3.0' ],
15 silly audit   braces: [ '3.0.3' ],
15 silly audit   browserslist: [ '4.28.1' ],
15 silly audit   'call-bind-apply-helpers': [ '1.0.2' ],
15 silly audit   'camelcase-css': [ '2.0.1' ],
15 silly audit   'caniuse-lite': [ '1.0.30001769' ],
15 silly audit   chalk: [ '4.1.2' ],
15 silly audit   'supports-color': [ '7.2.0', '8.1.1' ],
15 silly audit   chokidar: [ '3.6.0' ],
15 silly audit   'glob-parent': [ '5.1.2', '6.0.2' ],
15 silly audit   cliui: [ '8.0.1' ],
15 silly audit   'color-convert': [ '2.0.1' ],
15 silly audit   'color-name': [ '1.1.4' ],
15 silly audit   'combined-stream': [ '1.0.8' ],
15 silly audit   commander: [ '4.1.1' ],
15 silly audit   concurrently: [ '9.2.1' ],
15 silly audit   cssesc: [ '3.0.0' ],
15 silly audit   'delayed-stream': [ '1.0.0' ],
15 silly audit   didyoumean: [ '1.2.2' ],
15 silly audit   dlv: [ '1.1.3' ],
15 silly audit   'dunder-proto': [ '1.0.1' ],
15 silly audit   'electron-to-chromium': [ '1.5.286' ],
15 silly audit   'emoji-regex': [ '8.0.0' ],
15 silly audit   'es-define-property': [ '1.0.1' ],
15 silly audit   'es-errors': [ '1.3.0' ],
15 silly audit   'es-object-atoms': [ '1.1.1' ],
15 silly audit   'es-set-tostringtag': [ '2.1.0' ],
15 silly audit   esbuild: [ '0.25.12' ],
15 silly audit   escalade: [ '3.2.0' ],
15 silly audit   'fast-glob': [ '3.3.3' ],
15 silly audit   fastq: [ '1.20.1' ],
15 silly audit   'fill-range': [ '7.1.1' ],
15 silly audit   'follow-redirects': [ '1.15.11' ],
15 silly audit   'form-data': [ '4.0.5' ],
15 silly audit   'fraction.js': [ '5.3.4' ],
15 silly audit   fsevents: [ '2.3.3' ],
15 silly audit   'function-bind': [ '1.1.2' ],
15 silly audit   'get-caller-file': [ '2.0.5' ],
15 silly audit   'get-intrinsic': [ '1.3.0' ],
15 silly audit   'get-proto': [ '1.0.1' ],
15 silly audit   gopd: [ '1.2.0' ],
15 silly audit   'has-flag': [ '4.0.0' ],
15 silly audit   'has-symbols': [ '1.1.0' ],
15 silly audit   'has-tostringtag': [ '1.0.2' ],
15 silly audit   hasown: [ '2.0.2' ],
15 silly audit   'is-binary-path': [ '2.1.0' ],
15 silly audit   'is-core-module': [ '2.16.1' ],
15 silly audit   'is-extglob': [ '2.1.1' ],
15 silly audit   'is-fullwidth-code-point': [ '3.0.0' ],
15 silly audit   'is-glob': [ '4.0.3' ],
15 silly audit   'is-number': [ '7.0.0' ],
15 silly audit   jiti: [ '1.21.7' ],
15 silly audit   'laravel-vite-plugin': [ '1.3.0' ],
15 silly audit   lilconfig: [ '3.1.3' ],
15 silly audit   'lines-and-columns': [ '1.2.4' ],
15 silly audit   'math-intrinsics': [ '1.1.0' ],
15 silly audit   merge2: [ '1.4.1' ],
15 silly audit   micromatch: [ '4.0.8' ],
15 silly audit   'mime-db': [ '1.52.0' ],
15 silly audit   'mime-types': [ '2.1.35' ],
15 silly audit   'mini-svg-data-uri': [ '1.4.4' ],
15 silly audit   mz: [ '2.7.0' ],
15 silly audit   nanoid: [ '3.3.11' ],
15 silly audit   'node-releases': [ '2.0.27' ],
15 silly audit   'normalize-path': [ '3.0.0' ],
15 silly audit   'object-assign': [ '4.1.1' ],
15 silly audit   'object-hash': [ '3.0.0' ],
15 silly audit   'path-parse': [ '1.0.7' ],
15 silly audit   picocolors: [ '1.1.1' ],
15 silly audit   picomatch: [ '2.3.1', '4.0.3' ],
15 silly audit   pify: [ '2.3.0' ],
15 silly audit   pirates: [ '4.0.7' ],
15 silly audit   postcss: [ '8.5.6' ],
15 silly audit   'postcss-import': [ '15.1.0' ],
15 silly audit   'postcss-js': [ '4.1.0' ],
15 silly audit   'postcss-load-config': [ '6.0.1' ],
15 silly audit   'postcss-nested': [ '6.2.0' ],
15 silly audit   'postcss-selector-parser': [ '6.1.2' ],
15 silly audit   'postcss-value-parser': [ '4.2.0' ],
15 silly audit   'proxy-from-env': [ '1.1.0' ],
15 silly audit   'queue-microtask': [ '1.2.3' ],
15 silly audit   'read-cache': [ '1.0.0' ],
15 silly audit   readdirp: [ '3.6.0' ],
15 silly audit   'require-directory': [ '2.1.1' ],
15 silly audit   resolve: [ '1.22.11' ],
15 silly audit   reusify: [ '1.1.0' ],
15 silly audit   rollup: [ '4.57.1' ],
15 silly audit   'run-parallel': [ '1.2.0' ],
15 silly audit   rxjs: [ '7.8.2' ],
15 silly audit   'shell-quote': [ '1.8.3' ],
15 silly audit   'source-map-js': [ '1.2.1' ],
15 silly audit   'string-width': [ '4.2.3' ],
15 silly audit   'strip-ansi': [ '6.0.1' ],
15 silly audit   sucrase: [ '3.35.1' ],
15 silly audit   'supports-preserve-symlinks-flag': [ '1.0.0' ],
15 silly audit   tailwindcss: [ '3.4.19' ],
15 silly audit   thenify: [ '3.3.1' ],
15 silly audit   'thenify-all': [ '1.6.0' ],
15 silly audit   tinyglobby: [ '0.2.15' ],
15 silly audit   fdir: [ '6.5.0' ],
15 silly audit   'to-regex-range': [ '5.0.1' ],
15 silly audit   'tree-kill': [ '1.2.2' ],
15 silly audit   'ts-interface-checker': [ '0.1.13' ],
15 silly audit   tslib: [ '2.8.1' ],
15 silly audit   'update-browserslist-db': [ '1.2.3' ],
15 silly audit   'util-deprecate': [ '1.0.2' ],
15 silly audit   vite: [ '6.4.1' ],
15 silly audit   'vite-plugin-full-reload': [ '1.2.0' ],
15 silly audit   'wrap-ansi': [ '7.0.0' ],
15 silly audit   y18n: [ '5.0.8' ],
15 silly audit   yargs: [ '17.7.2' ],
15 silly audit   'yargs-parser': [ '21.1.1' ]
15 silly audit }
16 verbose reify failed optional dependency /var/www/node_modules/fsevents
17 silly reify mark deleted [ '/var/www/node_modules/fsevents' ]
18 verbose reify failed optional dependency /var/www/node_modules/@rollup/rollup-win32-x64-msvc
19 silly reify mark deleted [ '/var/www/node_modules/@rollup/rollup-win32-x64-msvc' ]
20 verbose reify failed optional dependency /var/www/node_modules/@rollup/rollup-win32-x64-gnu
21 silly reify mark deleted [ '/var/www/node_modules/@rollup/rollup-win32-x64-gnu' ]
22 verbose reify failed optional dependency /var/www/node_modules/@rollup/rollup-win32-ia32-msvc
23 silly reify mark deleted [ '/var/www/node_modules/@rollup/rollup-win32-ia32-msvc' ]
24 verbose reify failed optional dependency /var/www/node_modules/@rollup/rollup-win32-arm64-msvc
25 silly reify mark deleted [ '/var/www/node_modules/@rollup/rollup-win32-arm64-msvc' ]
26 verbose reify failed optional dependency /var/www/node_modules/@rollup/rollup-openharmony-arm64
27 silly reify mark deleted [ '/var/www/node_modules/@rollup/rollup-openharmony-arm64' ]
28 verbose reify failed optional dependency /var/www/node_modules/@rollup/rollup-openbsd-x64
29 silly reify mark deleted [ '/var/www/node_modules/@rollup/rollup-openbsd-x64' ]
30 verbose reify failed optional dependency /var/www/node_modules/@rollup/rollup-linux-s390x-gnu
31 silly reify mark deleted [ '/var/www/node_modules/@rollup/rollup-linux-s390x-gnu' ]
32 verbose reify failed optional dependency /var/www/node_modules/@rollup/rollup-linux-riscv64-musl
33 silly reify mark deleted [ '/var/www/node_modules/@rollup/rollup-linux-riscv64-musl' ]
34 verbose reify failed optional dependency /var/www/node_modules/@rollup/rollup-linux-riscv64-gnu
35 silly reify mark deleted [ '/var/www/node_modules/@rollup/rollup-linux-riscv64-gnu' ]
36 verbose reify failed optional dependency /var/www/node_modules/@rollup/rollup-linux-ppc64-musl
37 silly reify mark deleted [ '/var/www/node_modules/@rollup/rollup-linux-ppc64-musl' ]
38 verbose reify failed optional dependency /var/www/node_modules/@rollup/rollup-linux-ppc64-gnu
39 silly reify mark deleted [ '/var/www/node_modules/@rollup/rollup-linux-ppc64-gnu' ]
40 verbose reify failed optional dependency /var/www/node_modules/@rollup/rollup-linux-loong64-musl
41 silly reify mark deleted [ '/var/www/node_modules/@rollup/rollup-linux-loong64-musl' ]
42 verbose reify failed optional dependency /var/www/node_modules/@rollup/rollup-linux-loong64-gnu
43 silly reify mark deleted [ '/var/www/node_modules/@rollup/rollup-linux-loong64-gnu' ]
44 verbose reify failed optional dependency /var/www/node_modules/@rollup/rollup-linux-arm64-musl
45 silly reify mark deleted [ '/var/www/node_modules/@rollup/rollup-linux-arm64-musl' ]
46 verbose reify failed optional dependency /var/www/node_modules/@rollup/rollup-linux-arm64-gnu
47 silly reify mark deleted [ '/var/www/node_modules/@rollup/rollup-linux-arm64-gnu' ]
48 verbose reify failed optional dependency /var/www/node_modules/@rollup/rollup-linux-arm-musleabihf
49 silly reify mark deleted [ '/var/www/node_modules/@rollup/rollup-linux-arm-musleabihf' ]
50 verbose reify failed optional dependency /var/www/node_modules/@rollup/rollup-linux-arm-gnueabihf
51 silly reify mark deleted [ '/var/www/node_modules/@rollup/rollup-linux-arm-gnueabihf' ]
52 verbose reify failed optional dependency /var/www/node_modules/@rollup/rollup-freebsd-x64
53 silly reify mark deleted [ '/var/www/node_modules/@rollup/rollup-freebsd-x64' ]
54 verbose reify failed optional dependency /var/www/node_modules/@rollup/rollup-freebsd-arm64
55 silly reify mark deleted [ '/var/www/node_modules/@rollup/rollup-freebsd-arm64' ]
56 verbose reify failed optional dependency /var/www/node_modules/@rollup/rollup-darwin-x64
57 silly reify mark deleted [ '/var/www/node_modules/@rollup/rollup-darwin-x64' ]
58 verbose reify failed optional dependency /var/www/node_modules/@rollup/rollup-darwin-arm64
59 silly reify mark deleted [ '/var/www/node_modules/@rollup/rollup-darwin-arm64' ]
60 verbose reify failed optional dependency /var/www/node_modules/@rollup/rollup-android-arm64
61 silly reify mark deleted [ '/var/www/node_modules/@rollup/rollup-android-arm64' ]
62 verbose reify failed optional dependency /var/www/node_modules/@rollup/rollup-android-arm-eabi
63 silly reify mark deleted [ '/var/www/node_modules/@rollup/rollup-android-arm-eabi' ]
64 verbose reify failed optional dependency /var/www/node_modules/@esbuild/win32-x64
65 silly reify mark deleted [ '/var/www/node_modules/@esbuild/win32-x64' ]
66 verbose reify failed optional dependency /var/www/node_modules/@esbuild/win32-ia32
67 silly reify mark deleted [ '/var/www/node_modules/@esbuild/win32-ia32' ]
68 verbose reify failed optional dependency /var/www/node_modules/@esbuild/win32-arm64
69 silly reify mark deleted [ '/var/www/node_modules/@esbuild/win32-arm64' ]
70 verbose reify failed optional dependency /var/www/node_modules/@esbuild/sunos-x64
71 silly reify mark deleted [ '/var/www/node_modules/@esbuild/sunos-x64' ]
72 verbose reify failed optional dependency /var/www/node_modules/@esbuild/openharmony-arm64
73 silly reify mark deleted [ '/var/www/node_modules/@esbuild/openharmony-arm64' ]
74 verbose reify failed optional dependency /var/www/node_modules/@esbuild/openbsd-x64
75 silly reify mark deleted [ '/var/www/node_modules/@esbuild/openbsd-x64' ]
76 verbose reify failed optional dependency /var/www/node_modules/@esbuild/openbsd-arm64
77 silly reify mark deleted [ '/var/www/node_modules/@esbuild/openbsd-arm64' ]
78 verbose reify failed optional dependency /var/www/node_modules/@esbuild/netbsd-x64
79 silly reify mark deleted [ '/var/www/node_modules/@esbuild/netbsd-x64' ]
80 verbose reify failed optional dependency /var/www/node_modules/@esbuild/netbsd-arm64
81 silly reify mark deleted [ '/var/www/node_modules/@esbuild/netbsd-arm64' ]
82 verbose reify failed optional dependency /var/www/node_modules/@esbuild/linux-s390x
83 silly reify mark deleted [ '/var/www/node_modules/@esbuild/linux-s390x' ]
84 verbose reify failed optional dependency /var/www/node_modules/@esbuild/linux-riscv64
85 silly reify mark deleted [ '/var/www/node_modules/@esbuild/linux-riscv64' ]
86 verbose reify failed optional dependency /var/www/node_modules/@esbuild/linux-ppc64
87 silly reify mark deleted [ '/var/www/node_modules/@esbuild/linux-ppc64' ]
88 verbose reify failed optional dependency /var/www/node_modules/@esbuild/linux-mips64el
89 silly reify mark deleted [ '/var/www/node_modules/@esbuild/linux-mips64el' ]
90 verbose reify failed optional dependency /var/www/node_modules/@esbuild/linux-loong64
91 silly reify mark deleted [ '/var/www/node_modules/@esbuild/linux-loong64' ]
92 verbose reify failed optional dependency /var/www/node_modules/@esbuild/linux-ia32
93 silly reify mark deleted [ '/var/www/node_modules/@esbuild/linux-ia32' ]
94 verbose reify failed optional dependency /var/www/node_modules/@esbuild/linux-arm64
95 silly reify mark deleted [ '/var/www/node_modules/@esbuild/linux-arm64' ]
96 verbose reify failed optional dependency /var/www/node_modules/@esbuild/linux-arm
97 silly reify mark deleted [ '/var/www/node_modules/@esbuild/linux-arm' ]
98 verbose reify failed optional dependency /var/www/node_modules/@esbuild/freebsd-x64
99 silly reify mark deleted [ '/var/www/node_modules/@esbuild/freebsd-x64' ]
100 verbose reify failed optional dependency /var/www/node_modules/@esbuild/freebsd-arm64
101 silly reify mark deleted [ '/var/www/node_modules/@esbuild/freebsd-arm64' ]
102 verbose reify failed optional dependency /var/www/node_modules/@esbuild/darwin-x64
103 silly reify mark deleted [ '/var/www/node_modules/@esbuild/darwin-x64' ]
104 verbose reify failed optional dependency /var/www/node_modules/@esbuild/darwin-arm64
105 silly reify mark deleted [ '/var/www/node_modules/@esbuild/darwin-arm64' ]
106 verbose reify failed optional dependency /var/www/node_modules/@esbuild/android-x64
107 silly reify mark deleted [ '/var/www/node_modules/@esbuild/android-x64' ]
108 verbose reify failed optional dependency /var/www/node_modules/@esbuild/android-arm64
109 silly reify mark deleted [ '/var/www/node_modules/@esbuild/android-arm64' ]
110 verbose reify failed optional dependency /var/www/node_modules/@esbuild/android-arm
111 silly reify mark deleted [ '/var/www/node_modules/@esbuild/android-arm' ]
112 verbose reify failed optional dependency /var/www/node_modules/@esbuild/aix-ppc64
113 silly reify mark deleted [ '/var/www/node_modules/@esbuild/aix-ppc64' ]
114 silly tarball no local data for @rollup/rollup-linux-x64-musl@https://registry.npmjs.org/@rollup/rollup-linux-x64-musl/-/rollup-linux-x64-musl-4.57.1.tgz. Extracting by manifest.
115 http fetch GET 200 https://registry.npmjs.org/npm 770ms
116 http fetch POST 200 https://registry.npmjs.org/-/npm/v1/security/advisories/bulk 447ms
117 silly audit report {}
118 http fetch GET 200 https://registry.npmjs.org/@rollup/rollup-linux-x64-musl/-/rollup-linux-x64-musl-4.57.1.tgz 408ms (cache miss)
119 silly ADD
120 silly ADD
121 silly ADD
122 silly ADD
123 silly ADD
124 silly ADD
125 silly ADD
126 silly ADD node_modules/@rollup/rollup-linux-x64-musl
127 silly ADD
128 silly ADD
129 silly ADD
130 silly ADD
131 silly ADD
132 silly ADD
133 silly ADD
134 silly ADD
135 silly ADD
136 silly ADD
137 silly ADD
138 silly ADD
139 silly ADD
140 silly ADD
141 silly ADD
142 silly ADD
143 silly ADD
144 silly ADD
145 silly ADD
146 silly ADD
147 silly ADD
148 silly ADD
149 silly ADD
150 silly ADD
151 silly ADD
152 silly ADD
153 silly ADD
154 silly ADD
155 silly ADD
156 silly ADD
157 silly ADD
158 silly ADD
159 silly ADD
160 silly ADD
161 silly ADD
162 silly ADD
163 silly ADD
164 silly ADD
165 silly ADD
166 silly ADD
167 silly ADD
168 silly ADD
169 verbose cwd /var/www
170 verbose os Linux 6.14.0-37-generic
171 verbose node v20.20.0
172 verbose npm  v10.8.2
173 notice
173 notice New [31mmajor[39m version of npm available! [31m10.8.2[39m -> [34m11.9.0[39m
173 notice Changelog: [34mhttps://github.com/npm/cli/releases/tag/v11.9.0[39m
173 notice To update run: [4mnpm install -g npm@11.9.0[24m
173 notice  { force: true, [Symbol(proc-log.meta)]: true }
174 verbose exit 0
175 info ok
